{
  "stats": {
    "suites": 0,
    "tests": 3,
    "passes": 3,
    "pending": 0,
    "failures": 0,
    "start": "2023-07-08T13:52:50.755Z",
    "end": "2023-07-08T13:53:00.969Z",
    "duration": 10214,
    "testsRegistered": 3,
    "passPercent": 100,
    "pendingPercent": 0,
    "other": 0,
    "hasOther": false,
    "skipped": 0,
    "hasSkipped": false
  },
  "results": [
    {
      "uuid": "811376dd-19c8-4d4c-93fa-9cce045a3057",
      "title": "",
      "fullFile": "cypress/integration/1-login.ts",
      "file": "cypress/integration/1-login.ts",
      "beforeHooks": [],
      "afterHooks": [],
      "tests": [
        {
          "title": "Test Login",
          "fullTitle": "Test Login",
          "timedOut": null,
          "duration": 3066,
          "state": "passed",
          "speed": "fast",
          "pass": true,
          "fail": false,
          "pending": false,
          "context": null,
          "code": "loginPage.login(URL, 'standard_user', 'secret_sauce');\nloginPage.assertLogin();",
          "err": {},
          "uuid": "cec3ad68-5429-4b50-acfb-e68581ab7e25",
          "parentUUID": "811376dd-19c8-4d4c-93fa-9cce045a3057",
          "isHook": false,
          "skipped": false
        },
        {
          "title": "Test Sauce Demo Invalid Password",
          "fullTitle": "Test Sauce Demo Invalid Password",
          "timedOut": null,
          "duration": 2015,
          "state": "passed",
          "speed": "fast",
          "pass": true,
          "fail": false,
          "pending": false,
          "context": null,
          "code": "loginPage.login(URL, 'standard_user', 'invalid');\nloginPage.assertLoginFail();",
          "err": {},
          "uuid": "9fe9830e-28ea-4b62-ac00-7b4985a65bd3",
          "parentUUID": "811376dd-19c8-4d4c-93fa-9cce045a3057",
          "isHook": false,
          "skipped": false
        },
        {
          "title": "Test Sauce Demo Sauce labs product backpack",
          "fullTitle": "Test Sauce Demo Sauce labs product backpack",
          "timedOut": null,
          "duration": 2063,
          "state": "passed",
          "speed": "fast",
          "pass": true,
          "fail": false,
          "pending": false,
          "context": null,
          "code": "loginPage.login(URL, 'standard_user', 'secret_sauce');\nloginPage.assertLogin();\ndashboardPage.sauceLabsBackpack();",
          "err": {},
          "uuid": "48a7c829-b644-4e35-8203-f950c30ffc8b",
          "parentUUID": "811376dd-19c8-4d4c-93fa-9cce045a3057",
          "isHook": false,
          "skipped": false
        }
      ],
      "suites": [],
      "passes": [
        "cec3ad68-5429-4b50-acfb-e68581ab7e25",
        "9fe9830e-28ea-4b62-ac00-7b4985a65bd3",
        "48a7c829-b644-4e35-8203-f950c30ffc8b"
      ],
      "failures": [],
      "pending": [],
      "skipped": [],
      "duration": 7144,
      "root": true,
      "rootEmpty": false,
      "_timeout": 2000
    }
  ],
  "meta": {
    "mocha": {
      "version": "7.0.1"
    },
    "mochawesome": {
      "options": {
        "quiet": false,
        "reportFilename": "mochawesome",
        "saveHtml": false,
        "saveJson": true,
        "consoleReporter": "spec",
        "useInlineDiffs": false,
        "code": true
      },
      "version": "7.1.3"
    },
    "marge": {
      "options": {
        "chart": true,
        "overwrite": false,
        "html": false,
        "json": true,
        "reportDir": "cypress/reports"
      },
      "version": "6.2.0"
    }
  }
}