{
  "stats": {
    "suites": 0,
    "tests": 1,
    "passes": 1,
    "pending": 0,
    "failures": 0,
    "start": "2023-07-08T12:52:06.976Z",
    "end": "2023-07-08T12:52:11.235Z",
    "duration": 4259,
    "testsRegistered": 1,
    "passPercent": 100,
    "pendingPercent": 0,
    "other": 0,
    "hasOther": false,
    "skipped": 0,
    "hasSkipped": false
  },
  "results": [
    {
      "uuid": "b35ba10b-df0d-4a8d-af69-f70017fa67ce",
      "title": "",
      "fullFile": "cypress/integration/2-add_to_cart.ts",
      "file": "cypress/integration/2-add_to_cart.ts",
      "beforeHooks": [],
      "afterHooks": [],
      "tests": [
        {
          "title": "Test Add Item to Cart",
          "fullTitle": "Test Add Item to Cart",
          "timedOut": null,
          "duration": 2303,
          "state": "passed",
          "speed": "fast",
          "pass": true,
          "fail": false,
          "pending": false,
          "context": null,
          "code": "loginPage.login(URL, 'standard_user', 'secret_sauce');\nloginPage.assertLogin();\ndashboardPage.sauceLabsBackpack();\ndashboardPage.addToCart();",
          "err": {},
          "uuid": "314ac9e9-56dc-4ea2-af3f-2855de2feba0",
          "parentUUID": "b35ba10b-df0d-4a8d-af69-f70017fa67ce",
          "isHook": false,
          "skipped": false
        }
      ],
      "suites": [],
      "passes": [
        "314ac9e9-56dc-4ea2-af3f-2855de2feba0"
      ],
      "failures": [],
      "pending": [],
      "skipped": [],
      "duration": 2303,
      "root": true,
      "rootEmpty": false,
      "_timeout": 2000
    }
  ],
  "meta": {
    "mocha": {
      "version": "7.0.1"
    },
    "mochawesome": {
      "options": {
        "quiet": false,
        "reportFilename": "mochawesome",
        "saveHtml": false,
        "saveJson": true,
        "consoleReporter": "spec",
        "useInlineDiffs": false,
        "code": true
      },
      "version": "7.1.3"
    },
    "marge": {
      "options": {
        "chart": true,
        "overwrite": false,
        "html": false,
        "json": true,
        "reportDir": "cypress/reports"
      },
      "version": "6.2.0"
    }
  }
}