{
  "stats": {
    "suites": 0,
    "tests": 3,
    "passes": 3,
    "pending": 0,
    "failures": 0,
    "start": "2023-07-08T12:51:51.813Z",
    "end": "2023-07-08T12:52:00.723Z",
    "duration": 8910,
    "testsRegistered": 3,
    "passPercent": 100,
    "pendingPercent": 0,
    "other": 0,
    "hasOther": false,
    "skipped": 0,
    "hasSkipped": false
  },
  "results": [
    {
      "uuid": "4b0bd746-6163-4de8-8bb3-625b52e2081e",
      "title": "",
      "fullFile": "cypress/integration/1-login.ts",
      "file": "cypress/integration/1-login.ts",
      "beforeHooks": [],
      "afterHooks": [],
      "tests": [
        {
          "title": "Test LOGIN",
          "fullTitle": "Test LOGIN",
          "timedOut": null,
          "duration": 2882,
          "state": "passed",
          "speed": "fast",
          "pass": true,
          "fail": false,
          "pending": false,
          "context": null,
          "code": "loginPage.login(URL, 'standard_user', 'secret_sauce');\nloginPage.assertLogin();",
          "err": {},
          "uuid": "2436ccb5-186d-4648-8f88-8d3969b54418",
          "parentUUID": "4b0bd746-6163-4de8-8bb3-625b52e2081e",
          "isHook": false,
          "skipped": false
        },
        {
          "title": "Test Sauce Demo Invalid Password",
          "fullTitle": "Test Sauce Demo Invalid Password",
          "timedOut": null,
          "duration": 1762,
          "state": "passed",
          "speed": "fast",
          "pass": true,
          "fail": false,
          "pending": false,
          "context": null,
          "code": "loginPage.login(URL, 'standard_user', 'invalidPass');\nloginPage.assertLoginFail();",
          "err": {},
          "uuid": "7e480360-5c3d-44a7-a208-e57f6446799c",
          "parentUUID": "4b0bd746-6163-4de8-8bb3-625b52e2081e",
          "isHook": false,
          "skipped": false
        },
        {
          "title": "Test Sauce Demo Sauce labs product backpack",
          "fullTitle": "Test Sauce Demo Sauce labs product backpack",
          "timedOut": null,
          "duration": 1911,
          "state": "passed",
          "speed": "fast",
          "pass": true,
          "fail": false,
          "pending": false,
          "context": null,
          "code": "loginPage.login(URL, 'standard_user', 'secret_sauce');\nloginPage.assertLogin();\ndashboardPage.sauceLabsBackpack();",
          "err": {},
          "uuid": "811e13a6-d3c3-4b05-affe-b0290c5b9142",
          "parentUUID": "4b0bd746-6163-4de8-8bb3-625b52e2081e",
          "isHook": false,
          "skipped": false
        }
      ],
      "suites": [],
      "passes": [
        "2436ccb5-186d-4648-8f88-8d3969b54418",
        "7e480360-5c3d-44a7-a208-e57f6446799c",
        "811e13a6-d3c3-4b05-affe-b0290c5b9142"
      ],
      "failures": [],
      "pending": [],
      "skipped": [],
      "duration": 6555,
      "root": true,
      "rootEmpty": false,
      "_timeout": 2000
    }
  ],
  "meta": {
    "mocha": {
      "version": "7.0.1"
    },
    "mochawesome": {
      "options": {
        "quiet": false,
        "reportFilename": "mochawesome",
        "saveHtml": false,
        "saveJson": true,
        "consoleReporter": "spec",
        "useInlineDiffs": false,
        "code": true
      },
      "version": "7.1.3"
    },
    "marge": {
      "options": {
        "chart": true,
        "overwrite": false,
        "html": false,
        "json": true,
        "reportDir": "cypress/reports"
      },
      "version": "6.2.0"
    }
  }
}