{
  "stats": {
    "suites": 0,
    "tests": 1,
    "passes": 1,
    "pending": 0,
    "failures": 0,
    "start": "2023-07-08T12:52:16.907Z",
    "end": "2023-07-08T12:52:26.064Z",
    "duration": 9157,
    "testsRegistered": 1,
    "passPercent": 100,
    "pendingPercent": 0,
    "other": 0,
    "hasOther": false,
    "skipped": 0,
    "hasSkipped": false
  },
  "results": [
    {
      "uuid": "7b8bac97-412b-4713-bd36-e8b26be563b6",
      "title": "",
      "fullFile": "cypress/integration/3-checkout_process.ts",
      "file": "cypress/integration/3-checkout_process.ts",
      "beforeHooks": [],
      "afterHooks": [],
      "tests": [
        {
          "title": "Test Checkout Process",
          "fullTitle": "Test Checkout Process",
          "timedOut": null,
          "duration": 6784,
          "state": "passed",
          "speed": "medium",
          "pass": true,
          "fail": false,
          "pending": false,
          "context": null,
          "code": "loginPage.login(URL, 'standard_user', 'secret_sauce');\nloginPage.assertLogin();\ndashboardPage.sauceLabsBackpack();\ndashboardPage.addToCart();\ncheckoutPage.goToCart();\ncheckoutPage.verifyCartPage();\ncheckoutPage.clickCheckout();\ncheckoutPage.fillFirstName('First');\ncheckoutPage.fillLastName('Last');\ncheckoutPage.fillPostalCode('2000');\ncheckoutPage.clickContinue();\ncheckoutPage.verifyCheckoutOverview();\ncheckoutPage.clickFinish();\ncheckoutPage.verifyOrderConfirmation();",
          "err": {},
          "uuid": "d4db7739-fb65-4135-9b6c-aa13924eea42",
          "parentUUID": "7b8bac97-412b-4713-bd36-e8b26be563b6",
          "isHook": false,
          "skipped": false
        }
      ],
      "suites": [],
      "passes": [
        "d4db7739-fb65-4135-9b6c-aa13924eea42"
      ],
      "failures": [],
      "pending": [],
      "skipped": [],
      "duration": 6784,
      "root": true,
      "rootEmpty": false,
      "_timeout": 2000
    }
  ],
  "meta": {
    "mocha": {
      "version": "7.0.1"
    },
    "mochawesome": {
      "options": {
        "quiet": false,
        "reportFilename": "mochawesome",
        "saveHtml": false,
        "saveJson": true,
        "consoleReporter": "spec",
        "useInlineDiffs": false,
        "code": true
      },
      "version": "7.1.3"
    },
    "marge": {
      "options": {
        "chart": true,
        "overwrite": false,
        "html": false,
        "json": true,
        "reportDir": "cypress/reports"
      },
      "version": "6.2.0"
    }
  }
}