{
  "stats": {
    "suites": 0,
    "tests": 1,
    "passes": 1,
    "pending": 0,
    "failures": 0,
    "start": "2023-07-08T13:53:22.177Z",
    "end": "2023-07-08T13:53:36.151Z",
    "duration": 13974,
    "testsRegistered": 1,
    "passPercent": 100,
    "pendingPercent": 0,
    "other": 0,
    "hasOther": false,
    "skipped": 0,
    "hasSkipped": false
  },
  "results": [
    {
      "uuid": "33e05c62-365a-4858-8706-ee3a33a9db21",
      "title": "",
      "fullFile": "cypress/integration/3-checkoutProcess.ts",
      "file": "cypress/integration/3-checkoutProcess.ts",
      "beforeHooks": [],
      "afterHooks": [],
      "tests": [
        {
          "title": "Test Checkout Process",
          "fullTitle": "Test Checkout Process",
          "timedOut": null,
          "duration": 11107,
          "state": "passed",
          "speed": "slow",
          "pass": true,
          "fail": false,
          "pending": false,
          "context": null,
          "code": "loginPage.login(URL, 'standard_user', 'secret_sauce');\nloginPage.assertLogin();\ndashboardPage.sauceLabsBackpack();\ndashboardPage.addToCart();\ncheckoutPage.goToCart();\ncheckoutPage.verifyCartPage();\ncheckoutPage.clickCheckout();\ncheckoutPage.fillFirstName('First');\ncheckoutPage.fillLastName('Last');\ncheckoutPage.fillPostalCode('2000');\ncheckoutPage.clickContinue();\ncheckoutPage.verifyCheckoutOverview();\ncheckoutPage.clickFinish();\ncheckoutPage.verifyOrderConfirmation();",
          "err": {},
          "uuid": "70ae1777-dc2c-4891-a988-d9550c935256",
          "parentUUID": "33e05c62-365a-4858-8706-ee3a33a9db21",
          "isHook": false,
          "skipped": false
        }
      ],
      "suites": [],
      "passes": [
        "70ae1777-dc2c-4891-a988-d9550c935256"
      ],
      "failures": [],
      "pending": [],
      "skipped": [],
      "duration": 11107,
      "root": true,
      "rootEmpty": false,
      "_timeout": 2000
    }
  ],
  "meta": {
    "mocha": {
      "version": "7.0.1"
    },
    "mochawesome": {
      "options": {
        "quiet": false,
        "reportFilename": "mochawesome",
        "saveHtml": false,
        "saveJson": true,
        "consoleReporter": "spec",
        "useInlineDiffs": false,
        "code": true
      },
      "version": "7.1.3"
    },
    "marge": {
      "options": {
        "chart": true,
        "overwrite": false,
        "html": false,
        "json": true,
        "reportDir": "cypress/reports"
      },
      "version": "6.2.0"
    }
  }
}