{
  "stats": {
    "suites": 0,
    "tests": 1,
    "passes": 1,
    "pending": 0,
    "failures": 0,
    "start": "2023-07-08T13:53:08.642Z",
    "end": "2023-07-08T13:53:14.499Z",
    "duration": 5857,
    "testsRegistered": 1,
    "passPercent": 100,
    "pendingPercent": 0,
    "other": 0,
    "hasOther": false,
    "skipped": 0,
    "hasSkipped": false
  },
  "results": [
    {
      "uuid": "6c86bc3a-5235-4642-909f-e99900844499",
      "title": "",
      "fullFile": "cypress/integration/2-addToCart.ts",
      "file": "cypress/integration/2-addToCart.ts",
      "beforeHooks": [],
      "afterHooks": [],
      "tests": [
        {
          "title": "Test Add Item to Cart",
          "fullTitle": "Test Add Item to Cart",
          "timedOut": null,
          "duration": 3622,
          "state": "passed",
          "speed": "fast",
          "pass": true,
          "fail": false,
          "pending": false,
          "context": null,
          "code": "loginPage.login(URL, 'standard_user', 'secret_sauce');\nloginPage.assertLogin();\ndashboardPage.sauceLabsBackpack();\ndashboardPage.addToCart();",
          "err": {},
          "uuid": "3b7728b1-13a7-4369-bf1c-37bd3a9f06f1",
          "parentUUID": "6c86bc3a-5235-4642-909f-e99900844499",
          "isHook": false,
          "skipped": false
        }
      ],
      "suites": [],
      "passes": [
        "3b7728b1-13a7-4369-bf1c-37bd3a9f06f1"
      ],
      "failures": [],
      "pending": [],
      "skipped": [],
      "duration": 3622,
      "root": true,
      "rootEmpty": false,
      "_timeout": 2000
    }
  ],
  "meta": {
    "mocha": {
      "version": "7.0.1"
    },
    "mochawesome": {
      "options": {
        "quiet": false,
        "reportFilename": "mochawesome",
        "saveHtml": false,
        "saveJson": true,
        "consoleReporter": "spec",
        "useInlineDiffs": false,
        "code": true
      },
      "version": "7.1.3"
    },
    "marge": {
      "options": {
        "chart": true,
        "overwrite": false,
        "html": false,
        "json": true,
        "reportDir": "cypress/reports"
      },
      "version": "6.2.0"
    }
  }
}