{
  "stats": {
    "suites": 0,
    "tests": 3,
    "passes": 1,
    "pending": 0,
    "failures": 2,
    "start": "2023-07-08T12:48:58.307Z",
    "end": "2023-07-08T12:49:15.791Z",
    "duration": 17484,
    "testsRegistered": 3,
    "passPercent": 33.33333333333333,
    "pendingPercent": 0,
    "other": 0,
    "hasOther": false,
    "skipped": 0,
    "hasSkipped": false
  },
  "results": [
    {
      "uuid": "0bc3d93f-4daa-4d32-8cb2-b2da6ba231c6",
      "title": "",
      "fullFile": "cypress/integration/1-login.ts",
      "file": "cypress/integration/1-login.ts",
      "beforeHooks": [],
      "afterHooks": [],
      "tests": [
        {
          "title": "Test LOGIN",
          "fullTitle": "Test LOGIN",
          "timedOut": null,
          "duration": 7314,
          "state": "failed",
          "speed": null,
          "pass": false,
          "fail": true,
          "pending": false,
          "context": null,
          "code": "loginPage.login(URL, 'standard_user', 'secret_sauce');\nloginPage.assertLogin();",
          "err": {
            "message": "AssertionError: Timed out retrying after 4000ms: Expected to find element: `.peek`, but never found it.",
            "estack": "AssertionError: Timed out retrying after 4000ms: Expected to find element: `.peek`, but never found it.\n    at LoginPage.assertLogin (https://www.saucedemo.com/__cypress/tests?p=cypress\\integration\\1-login.ts:183:25)\n    at Context.eval (https://www.saucedemo.com/__cypress/tests?p=cypress\\integration\\1-login.ts:106:15)",
            "diff": null
          },
          "uuid": "d41cf8ce-d132-4ed8-8d5e-fc3aa641d4ba",
          "parentUUID": "0bc3d93f-4daa-4d32-8cb2-b2da6ba231c6",
          "isHook": false,
          "skipped": false
        },
        {
          "title": "Test Sauce Demo Invalid Password",
          "fullTitle": "Test Sauce Demo Invalid Password",
          "timedOut": null,
          "duration": 1468,
          "state": "passed",
          "speed": "fast",
          "pass": true,
          "fail": false,
          "pending": false,
          "context": null,
          "code": "loginPage.login(URL, 'standard_user', 'invalidPass');\nloginPage.assertLoginFail();",
          "err": {},
          "uuid": "5698e1cf-e88e-492c-8454-d388c0dfc2eb",
          "parentUUID": "0bc3d93f-4daa-4d32-8cb2-b2da6ba231c6",
          "isHook": false,
          "skipped": false
        },
        {
          "title": "Test Sauce Demo Sauce labs product backpack",
          "fullTitle": "Test Sauce Demo Sauce labs product backpack",
          "timedOut": null,
          "duration": 5858,
          "state": "failed",
          "speed": null,
          "pass": false,
          "fail": true,
          "pending": false,
          "context": null,
          "code": "loginPage.login(URL, 'standard_user', 'secret_sauce');\nloginPage.assertLogin();\ndashboardPage.sauceLabsBackpack();",
          "err": {
            "message": "AssertionError: Timed out retrying after 4000ms: Expected to find element: `.peek`, but never found it.",
            "estack": "AssertionError: Timed out retrying after 4000ms: Expected to find element: `.peek`, but never found it.\n    at LoginPage.assertLogin (https://www.saucedemo.com/__cypress/tests?p=cypress\\integration\\1-login.ts:183:25)\n    at Context.eval (https://www.saucedemo.com/__cypress/tests?p=cypress\\integration\\1-login.ts:114:15)",
            "diff": null
          },
          "uuid": "ed93c781-9ab0-4a0c-8c7a-1848706e2675",
          "parentUUID": "0bc3d93f-4daa-4d32-8cb2-b2da6ba231c6",
          "isHook": false,
          "skipped": false
        }
      ],
      "suites": [],
      "passes": [
        "5698e1cf-e88e-492c-8454-d388c0dfc2eb"
      ],
      "failures": [
        "d41cf8ce-d132-4ed8-8d5e-fc3aa641d4ba",
        "ed93c781-9ab0-4a0c-8c7a-1848706e2675"
      ],
      "pending": [],
      "skipped": [],
      "duration": 14640,
      "root": true,
      "rootEmpty": false,
      "_timeout": 2000
    }
  ],
  "meta": {
    "mocha": {
      "version": "7.0.1"
    },
    "mochawesome": {
      "options": {
        "quiet": false,
        "reportFilename": "mochawesome",
        "saveHtml": false,
        "saveJson": true,
        "consoleReporter": "spec",
        "useInlineDiffs": false,
        "code": true
      },
      "version": "7.1.3"
    },
    "marge": {
      "options": {
        "chart": true,
        "overwrite": false,
        "html": false,
        "json": true,
        "reportDir": "cypress/reports"
      },
      "version": "6.2.0"
    }
  }
}