{
  "stats": {
    "suites": 0,
    "tests": 1,
    "passes": 0,
    "pending": 0,
    "failures": 1,
    "start": "2023-07-08T12:35:05.764Z",
    "end": "2023-07-08T12:35:14.750Z",
    "duration": 8986,
    "testsRegistered": 1,
    "passPercent": 0,
    "pendingPercent": 0,
    "other": 0,
    "hasOther": false,
    "skipped": 0,
    "hasSkipped": false
  },
  "results": [
    {
      "uuid": "5d70a73c-828b-43f1-922f-ced9330b793b",
      "title": "",
      "fullFile": "cypress/integration/checkout_process.ts",
      "file": "cypress/integration/checkout_process.ts",
      "beforeHooks": [],
      "afterHooks": [],
      "tests": [
        {
          "title": "Test Checkout Process",
          "fullTitle": "Test Checkout Process",
          "timedOut": null,
          "duration": 6257,
          "state": "failed",
          "speed": null,
          "pass": false,
          "fail": true,
          "pending": false,
          "context": null,
          "code": "loginPage.login(URL, 'standard_user', 'secret_sauce');\nloginPage.assertLogin();\ndashboardPage.sauceLabsBackpack();\ndashboardPage.addToCart();\ncheckoutPage.goToCart();\ncheckoutPage.verifyCartPage();\ncheckoutPage.clickCheckout();\ncheckoutPage.fillFirstName('First');\ncheckoutPage.fillLastName('Last');\ncheckoutPage.fillPostalCode('2000');\ncheckoutPage.clickContinue();\ncheckoutPage.verifyCheckoutOverview();\ncheckoutPage.clickFinish();\ncheckoutPage.verifyOrderConfirmation();",
          "err": {
            "message": "AssertionError: Timed out retrying after 4000ms: Expected to find element: `.peek`, but never found it.",
            "estack": "AssertionError: Timed out retrying after 4000ms: Expected to find element: `.peek`, but never found it.\n    at LoginPage.assertLogin (https://www.saucedemo.com/__cypress/tests?p=cypress\\integration\\checkout_process.ts:262:25)\n    at Context.eval (https://www.saucedemo.com/__cypress/tests?p=cypress\\integration\\checkout_process.ts:108:15)",
            "diff": null
          },
          "uuid": "dede04c0-bd7f-47a2-b74c-0fc9e077602a",
          "parentUUID": "5d70a73c-828b-43f1-922f-ced9330b793b",
          "isHook": false,
          "skipped": false
        }
      ],
      "suites": [],
      "passes": [],
      "failures": [
        "dede04c0-bd7f-47a2-b74c-0fc9e077602a"
      ],
      "pending": [],
      "skipped": [],
      "duration": 6257,
      "root": true,
      "rootEmpty": false,
      "_timeout": 2000
    }
  ],
  "meta": {
    "mocha": {
      "version": "7.0.1"
    },
    "mochawesome": {
      "options": {
        "quiet": false,
        "reportFilename": "mochawesome",
        "saveHtml": false,
        "saveJson": true,
        "consoleReporter": "spec",
        "useInlineDiffs": false,
        "code": true
      },
      "version": "7.1.3"
    },
    "marge": {
      "options": {
        "chart": true,
        "overwrite": false,
        "html": false,
        "json": true,
        "reportDir": "cypress/reports"
      },
      "version": "6.2.0"
    }
  }
}